06/05/2017 03:43:12 (Std) 	+-+-+-+-+-+-+-+-+-+-+-+-+-+-+-+-+-+-+-+-+-+-+-+-+-+-+-+-+-+-+-+-+-+-+-+-+-+-+-+
06/05/2017 03:43:12 (Std) 	+                     Crazy Eddie's GUI System - Event log                    +
06/05/2017 03:43:12 (Std) 	+                          (http://www.cegui.org.uk/)                         +
06/05/2017 03:43:12 (Std) 	+-+-+-+-+-+-+-+-+-+-+-+-+-+-+-+-+-+-+-+-+-+-+-+-+-+-+-+-+-+-+-+-+-+-+-+-+-+-+-+

06/05/2017 03:43:12 (Std) 	CEGUI::Logger singleton created. (0x101a4ae70)
06/05/2017 03:43:12 (Std) 	
06/05/2017 03:43:12 (Std) 	********************************************************************************
06/05/2017 03:43:12 (Std) 	* Important:                                                                   *
06/05/2017 03:43:12 (Std) 	*     To get support at the CEGUI forums, you must post _at least_ the section *
06/05/2017 03:43:12 (Std) 	*     of this log file indicated below.  Failure to do this will result in no  *
06/05/2017 03:43:12 (Std) 	*     support being given; please do not waste our time.                       *
06/05/2017 03:43:12 (Std) 	********************************************************************************
06/05/2017 03:43:12 (Std) 	********************************************************************************
06/05/2017 03:43:12 (Std) 	* -------- START OF ESSENTIAL SECTION TO BE POSTED ON THE FORUM       -------- *
06/05/2017 03:43:12 (Std) 	********************************************************************************
06/05/2017 03:43:12 (Std) 	---- Version: 0.8.7 (Build: Apr 26 2017 Debug Apple Mac g++ 4.2.1 Compatible Apple LLVM 8.0.0 (clang-800.0.42.1) 64 bit) ----
06/05/2017 03:43:12 (Std) 	---- Renderer module is: CEGUI::OpenGL3Renderer - Official OpenGL 3.2 core based renderer module.  TextureTarget support enabled via FBO OGL 3.2 core implementation. ----
06/05/2017 03:43:12 (Std) 	---- XML Parser module is: CEGUI::ExpatParser - Official expat based parser module for CEGUI ----
06/05/2017 03:43:12 (Std) 	---- Image Codec module is: SILLYImageCodec - Official SILLY based image codec ----
06/05/2017 03:43:12 (Std) 	---- Scripting module is: None ----
06/05/2017 03:43:12 (Std) 	********************************************************************************
06/05/2017 03:43:12 (Std) 	* -------- END OF ESSENTIAL SECTION TO BE POSTED ON THE FORUM         -------- *
06/05/2017 03:43:12 (Std) 	********************************************************************************
06/05/2017 03:43:12 (Std) 	
06/05/2017 03:43:12 (Std) 	---- Begining CEGUI System initialisation ----
06/05/2017 03:43:12 (Std) 	[CEGUI::ImageManager] Singleton created (0x101a42150)
06/05/2017 03:43:12 (Std) 	[CEGUI::ImageManager] Registered Image type: BasicImage
06/05/2017 03:43:12 (Std) 	CEGUI::FontManager singleton created. (0x101a4b6f0)
06/05/2017 03:43:12 (Std) 	CEGUI::WindowFactoryManager singleton created
06/05/2017 03:43:12 (Std) 	CEGUI::WindowManager singleton created (0x101a42ad0)
06/05/2017 03:43:12 (Std) 	CEGUI::SchemeManager singleton created. (0x101a4b7e0)
06/05/2017 03:43:12 (Std) 	CEGUI::GlobalEventSet singleton created. (0x101a42aa0)
06/05/2017 03:43:12 (Std) 	CEGUI::AnimationManager singleton created (0x101a4b550)
06/05/2017 03:43:12 (Std) 	CEGUI::WidgetLookManager singleton created. (0x101a421a0)
06/05/2017 03:43:12 (Std) 	CEGUI::WindowRendererManager singleton created (0x101a424f0)
06/05/2017 03:43:12 (Std) 	CEGUI::RenderEffectManager singleton created (0x101a4b5c0)
06/05/2017 03:43:12 (Std) 	Created WindowFactory for 'DefaultWindow' windows.
06/05/2017 03:43:12 (Std) 	WindowFactory for 'DefaultWindow' windows added. (0x101a4e060)
06/05/2017 03:43:12 (Std) 	Created WindowFactory for 'DragContainer' windows.
06/05/2017 03:43:12 (Std) 	WindowFactory for 'DragContainer' windows added. (0x101a4e340)
06/05/2017 03:43:12 (Std) 	Created WindowFactory for 'ScrolledContainer' windows.
06/05/2017 03:43:12 (Std) 	WindowFactory for 'ScrolledContainer' windows added. (0x101a4e4e0)
06/05/2017 03:43:12 (Std) 	Created WindowFactory for 'ClippedContainer' windows.
06/05/2017 03:43:12 (Std) 	WindowFactory for 'ClippedContainer' windows added. (0x101a4e5a0)
06/05/2017 03:43:12 (Std) 	Created WindowFactory for 'CEGUI/PushButton' windows.
06/05/2017 03:43:12 (Std) 	WindowFactory for 'CEGUI/PushButton' windows added. (0x101a4e8b0)
06/05/2017 03:43:12 (Std) 	Created WindowFactory for 'CEGUI/RadioButton' windows.
06/05/2017 03:43:12 (Std) 	WindowFactory for 'CEGUI/RadioButton' windows added. (0x101a4ea50)
06/05/2017 03:43:12 (Std) 	Created WindowFactory for 'CEGUI/Combobox' windows.
06/05/2017 03:43:12 (Std) 	WindowFactory for 'CEGUI/Combobox' windows added. (0x101a4eb10)
06/05/2017 03:43:12 (Std) 	Created WindowFactory for 'CEGUI/ComboDropList' windows.
06/05/2017 03:43:12 (Std) 	WindowFactory for 'CEGUI/ComboDropList' windows added. (0x101a4ee40)
06/05/2017 03:43:12 (Std) 	Created WindowFactory for 'CEGUI/Editbox' windows.
06/05/2017 03:43:12 (Std) 	WindowFactory for 'CEGUI/Editbox' windows added. (0x101a4ef00)
06/05/2017 03:43:12 (Std) 	Created WindowFactory for 'CEGUI/FrameWindow' windows.
06/05/2017 03:43:12 (Std) 	WindowFactory for 'CEGUI/FrameWindow' windows added. (0x101a4f180)
06/05/2017 03:43:12 (Std) 	Created WindowFactory for 'CEGUI/ItemEntry' windows.
06/05/2017 03:43:12 (Std) 	WindowFactory for 'CEGUI/ItemEntry' windows added. (0x101a4f240)
06/05/2017 03:43:12 (Std) 	Created WindowFactory for 'CEGUI/Listbox' windows.
06/05/2017 03:43:12 (Std) 	WindowFactory for 'CEGUI/Listbox' windows added. (0x101a4f570)
06/05/2017 03:43:12 (Std) 	Created WindowFactory for 'CEGUI/ListHeader' windows.
06/05/2017 03:43:12 (Std) 	WindowFactory for 'CEGUI/ListHeader' windows added. (0x101a4f710)
06/05/2017 03:43:12 (Std) 	Created WindowFactory for 'CEGUI/ListHeaderSegment' windows.
06/05/2017 03:43:12 (Std) 	WindowFactory for 'CEGUI/ListHeaderSegment' windows added. (0x101a4f8b0)
06/05/2017 03:43:12 (Std) 	Created WindowFactory for 'CEGUI/Menubar' windows.
06/05/2017 03:43:12 (Std) 	WindowFactory for 'CEGUI/Menubar' windows added. (0x101a4f970)
06/05/2017 03:43:12 (Std) 	Created WindowFactory for 'CEGUI/PopupMenu' windows.
06/05/2017 03:43:12 (Std) 	WindowFactory for 'CEGUI/PopupMenu' windows added. (0x101a4fc00)
06/05/2017 03:43:12 (Std) 	Created WindowFactory for 'CEGUI/MenuItem' windows.
06/05/2017 03:43:12 (Std) 	WindowFactory for 'CEGUI/MenuItem' windows added. (0x101a4fda0)
06/05/2017 03:43:12 (Std) 	Created WindowFactory for 'CEGUI/MultiColumnList' windows.
06/05/2017 03:43:12 (Std) 	WindowFactory for 'CEGUI/MultiColumnList' windows added. (0x101a50040)
06/05/2017 03:43:12 (Std) 	Created WindowFactory for 'CEGUI/MultiLineEditbox' windows.
06/05/2017 03:43:12 (Std) 	WindowFactory for 'CEGUI/MultiLineEditbox' windows added. (0x101a50100)
06/05/2017 03:43:12 (Std) 	Created WindowFactory for 'CEGUI/ProgressBar' windows.
06/05/2017 03:43:12 (Std) 	WindowFactory for 'CEGUI/ProgressBar' windows added. (0x101a502b0)
06/05/2017 03:43:12 (Std) 	Created WindowFactory for 'CEGUI/ScrollablePane' windows.
06/05/2017 03:43:12 (Std) 	WindowFactory for 'CEGUI/ScrollablePane' windows added. (0x101a50460)
06/05/2017 03:43:12 (Std) 	Created WindowFactory for 'CEGUI/Scrollbar' windows.
06/05/2017 03:43:12 (Std) 	WindowFactory for 'CEGUI/Scrollbar' windows added. (0x101a50600)
06/05/2017 03:43:12 (Std) 	Created WindowFactory for 'CEGUI/Slider' windows.
06/05/2017 03:43:12 (Std) 	WindowFactory for 'CEGUI/Slider' windows added. (0x101a50880)
06/05/2017 03:43:12 (Std) 	Created WindowFactory for 'CEGUI/Spinner' windows.
06/05/2017 03:43:12 (Std) 	WindowFactory for 'CEGUI/Spinner' windows added. (0x101a50af0)
06/05/2017 03:43:12 (Std) 	Created WindowFactory for 'CEGUI/TabButton' windows.
06/05/2017 03:43:12 (Std) 	WindowFactory for 'CEGUI/TabButton' windows added. (0x101a50a20)
06/05/2017 03:43:12 (Std) 	Created WindowFactory for 'CEGUI/TabControl' windows.
06/05/2017 03:43:12 (Std) 	WindowFactory for 'CEGUI/TabControl' windows added. (0x101a50d70)
06/05/2017 03:43:12 (Std) 	Created WindowFactory for 'CEGUI/Thumb' windows.
06/05/2017 03:43:12 (Std) 	WindowFactory for 'CEGUI/Thumb' windows added. (0x101a50f10)
06/05/2017 03:43:12 (Std) 	Created WindowFactory for 'CEGUI/Titlebar' windows.
06/05/2017 03:43:12 (Std) 	WindowFactory for 'CEGUI/Titlebar' windows added. (0x101a510b0)
06/05/2017 03:43:12 (Std) 	Created WindowFactory for 'CEGUI/ToggleButton' windows.
06/05/2017 03:43:12 (Std) 	WindowFactory for 'CEGUI/ToggleButton' windows added. (0x101a51250)
06/05/2017 03:43:12 (Std) 	Created WindowFactory for 'CEGUI/Tooltip' windows.
06/05/2017 03:43:12 (Std) 	WindowFactory for 'CEGUI/Tooltip' windows added. (0x101a51310)
06/05/2017 03:43:12 (Std) 	Created WindowFactory for 'CEGUI/ItemListbox' windows.
06/05/2017 03:43:12 (Std) 	WindowFactory for 'CEGUI/ItemListbox' windows added. (0x101a51590)
06/05/2017 03:43:12 (Std) 	Created WindowFactory for 'CEGUI/GroupBox' windows.
06/05/2017 03:43:12 (Std) 	WindowFactory for 'CEGUI/GroupBox' windows added. (0x101a51650)
06/05/2017 03:43:12 (Std) 	Created WindowFactory for 'CEGUI/Tree' windows.
06/05/2017 03:43:12 (Std) 	WindowFactory for 'CEGUI/Tree' windows added. (0x101a518d0)
06/05/2017 03:43:12 (Std) 	Created WindowFactory for 'LayoutCell' windows.
06/05/2017 03:43:12 (Std) 	WindowFactory for 'LayoutCell' windows added. (0x101a51a70)
06/05/2017 03:43:12 (Std) 	Created WindowFactory for 'HorizontalLayoutContainer' windows.
06/05/2017 03:43:12 (Std) 	WindowFactory for 'HorizontalLayoutContainer' windows added. (0x101a51d30)
06/05/2017 03:43:12 (Std) 	Created WindowFactory for 'VerticalLayoutContainer' windows.
06/05/2017 03:43:12 (Std) 	WindowFactory for 'VerticalLayoutContainer' windows added. (0x101a51ed0)
06/05/2017 03:43:12 (Std) 	Created WindowFactory for 'GridLayoutContainer' windows.
06/05/2017 03:43:12 (Std) 	WindowFactory for 'GridLayoutContainer' windows added. (0x101a51f90)
06/05/2017 03:43:12 (Std) 	CEGUI::System singleton created. (0x101a42b50)
06/05/2017 03:43:12 (Std) 	---- CEGUI System initialisation completed ----
06/05/2017 03:43:12 (Std) 	
06/05/2017 03:43:12 (Std) 	Started creation of Scheme from XML specification:
06/05/2017 03:43:12 (Std) 	---- CEGUI GUIScheme name: TaharezLook
06/05/2017 03:43:12 (Std) 	[ImageManager] Started creation of Imageset from XML specification:
06/05/2017 03:43:12 (Std) 	[ImageManager] ---- CEGUI Imageset name: TaharezLook
06/05/2017 03:43:12 (Std) 	[ImageManager] ---- Source texture file: TaharezLook.png
06/05/2017 03:43:12 (Std) 	[ImageManager] ---- Source texture resource group: (Default)
06/05/2017 03:43:12 (Std) 	[OpenGLRenderer] Created texture: TaharezLook
06/05/2017 03:43:12 (Std) 	[ImageManager] Created image: 'TaharezLook/ClientBrush' (0x1019e4920) of type: BasicImage
06/05/2017 03:43:12 (Std) 	[ImageManager] Created image: 'TaharezLook/GenericBrush' (0x1019e4bb0) of type: BasicImage
06/05/2017 03:43:12 (Std) 	[ImageManager] Created image: 'TaharezLook/WindowLeftEdge' (0x1019e4a50) of type: BasicImage
06/05/2017 03:43:12 (Std) 	[ImageManager] Created image: 'TaharezLook/WindowRightEdge' (0x1019e5600) of type: BasicImage
06/05/2017 03:43:12 (Std) 	[ImageManager] Created image: 'TaharezLook/WindowTopEdge' (0x1019e4f20) of type: BasicImage
06/05/2017 03:43:12 (Std) 	[ImageManager] Created image: 'TaharezLook/WindowBottomEdge' (0x1019e5110) of type: BasicImage
06/05/2017 03:43:12 (Std) 	[ImageManager] Created image: 'TaharezLook/WindowTopLeft' (0x1019e4360) of type: BasicImage
06/05/2017 03:43:12 (Std) 	[ImageManager] Created image: 'TaharezLook/WindowTopRight' (0x1019e58d0) of type: BasicImage
06/05/2017 03:43:12 (Std) 	[ImageManager] Created image: 'TaharezLook/WindowBottomLeft' (0x1019e5ac0) of type: BasicImage
06/05/2017 03:43:12 (Std) 	[ImageManager] Created image: 'TaharezLook/WindowBottomRight' (0x1019e5cb0) of type: BasicImage
06/05/2017 03:43:12 (Std) 	[ImageManager] Created image: 'TaharezLook/ButtonLeftNormal' (0x1019e5ea0) of type: BasicImage
06/05/2017 03:43:12 (Std) 	[ImageManager] Created image: 'TaharezLook/ButtonMiddleNormal' (0x1019e6090) of type: BasicImage
06/05/2017 03:43:12 (Std) 	[ImageManager] Created image: 'TaharezLook/ButtonRightNormal' (0x1019e6280) of type: BasicImage
06/05/2017 03:43:12 (Std) 	[ImageManager] Created image: 'TaharezLook/ButtonLeftPushed' (0x1019e6470) of type: BasicImage
06/05/2017 03:43:12 (Std) 	[ImageManager] Created image: 'TaharezLook/ButtonMiddlePushed' (0x1019e6660) of type: BasicImage
06/05/2017 03:43:12 (Std) 	[ImageManager] Created image: 'TaharezLook/ButtonRightPushed' (0x1019e6850) of type: BasicImage
06/05/2017 03:43:12 (Std) 	[ImageManager] Created image: 'TaharezLook/ButtonLeftHighlight' (0x1019e6a40) of type: BasicImage
06/05/2017 03:43:12 (Std) 	[ImageManager] Created image: 'TaharezLook/ButtonMiddleHighlight' (0x1019e6db0) of type: BasicImage
06/05/2017 03:43:12 (Std) 	[ImageManager] Created image: 'TaharezLook/ButtonRightHighlight' (0x1019e7030) of type: BasicImage
06/05/2017 03:43:12 (Std) 	[ImageManager] Created image: 'TaharezLook/CheckboxNormal' (0x1019e7340) of type: BasicImage
06/05/2017 03:43:12 (Std) 	[ImageManager] Created image: 'TaharezLook/CheckboxHover' (0x101a5c4b0) of type: BasicImage
06/05/2017 03:43:12 (Std) 	[ImageManager] Created image: 'TaharezLook/CheckboxMark' (0x101a5ccd0) of type: BasicImage
06/05/2017 03:43:12 (Std) 	[ImageManager] Created image: 'TaharezLook/RadioButtonNormal' (0x101a5cec0) of type: BasicImage
06/05/2017 03:43:12 (Std) 	[ImageManager] Created image: 'TaharezLook/RadioButtonHover' (0x101a5d0b0) of type: BasicImage
06/05/2017 03:43:12 (Std) 	[ImageManager] Created image: 'TaharezLook/RadioButtonMark' (0x101a5d2a0) of type: BasicImage
06/05/2017 03:43:12 (Std) 	[ImageManager] Created image: 'TaharezLook/TitlebarLeft' (0x101a5d490) of type: BasicImage
06/05/2017 03:43:12 (Std) 	[ImageManager] Created image: 'TaharezLook/TitlebarMiddle' (0x101a5d680) of type: BasicImage
06/05/2017 03:43:12 (Std) 	[ImageManager] Created image: 'TaharezLook/TitlebarRight' (0x101a5d870) of type: BasicImage
06/05/2017 03:43:12 (Std) 	[ImageManager] Created image: 'TaharezLook/NewTitlebarLeft' (0x101a5da60) of type: BasicImage
06/05/2017 03:43:12 (Std) 	[ImageManager] Created image: 'TaharezLook/NewTitlebarMiddle' (0x101a5dc50) of type: BasicImage
06/05/2017 03:43:12 (Std) 	[ImageManager] Created image: 'TaharezLook/NewTitlebarRight' (0x101a5de40) of type: BasicImage
06/05/2017 03:43:12 (Std) 	[ImageManager] Created image: 'TaharezLook/SysAreaMiddle' (0x101a5e030) of type: BasicImage
06/05/2017 03:43:12 (Std) 	[ImageManager] Created image: 'TaharezLook/SysAreaRight' (0x101a5e220) of type: BasicImage
06/05/2017 03:43:12 (Std) 	[ImageManager] Created image: 'TaharezLook/StaticLeft' (0x101a5e410) of type: BasicImage
06/05/2017 03:43:12 (Std) 	[ImageManager] Created image: 'TaharezLook/StaticRight' (0x101a5e600) of type: BasicImage
06/05/2017 03:43:12 (Std) 	[ImageManager] Created image: 'TaharezLook/StaticTop' (0x101a5e7f0) of type: BasicImage
06/05/2017 03:43:12 (Std) 	[ImageManager] Created image: 'TaharezLook/StaticBottom' (0x101a5e9e0) of type: BasicImage
06/05/2017 03:43:12 (Std) 	[ImageManager] Created image: 'TaharezLook/StaticTopLeft' (0x101a5ebd0) of type: BasicImage
06/05/2017 03:43:12 (Std) 	[ImageManager] Created image: 'TaharezLook/StaticTopRight' (0x101a5edc0) of type: BasicImage
06/05/2017 03:43:12 (Std) 	[ImageManager] Created image: 'TaharezLook/StaticBottomLeft' (0x101a5efb0) of type: BasicImage
06/05/2017 03:43:12 (Std) 	[ImageManager] Created image: 'TaharezLook/StaticBottomRight' (0x101a5f1a0) of type: BasicImage
06/05/2017 03:43:12 (Std) 	[ImageManager] Created image: 'TaharezLook/StaticBackdrop' (0x101a5f390) of type: BasicImage
06/05/2017 03:43:12 (Std) 	[ImageManager] Created image: 'TaharezLook/ProgressBarLeft' (0x101a5f580) of type: BasicImage
06/05/2017 03:43:12 (Std) 	[ImageManager] Created image: 'TaharezLook/ProgressBarMiddle' (0x101a5f770) of type: BasicImage
06/05/2017 03:43:12 (Std) 	[ImageManager] Created image: 'TaharezLook/ProgressBarRight' (0x101a5f960) of type: BasicImage
06/05/2017 03:43:12 (Std) 	[ImageManager] Created image: 'TaharezLook/ProgressBarDimSegment' (0x101a5fb50) of type: BasicImage
06/05/2017 03:43:12 (Std) 	[ImageManager] Created image: 'TaharezLook/ProgressBarLitSegment' (0x101a5fd40) of type: BasicImage
06/05/2017 03:43:12 (Std) 	[ImageManager] Created image: 'TaharezLook/EditBoxLeft' (0x101a5ff30) of type: BasicImage
06/05/2017 03:43:12 (Std) 	[ImageManager] Created image: 'TaharezLook/EditBoxMiddle' (0x101a60120) of type: BasicImage
06/05/2017 03:43:12 (Std) 	[ImageManager] Created image: 'TaharezLook/EditBoxRight' (0x101a60310) of type: BasicImage
06/05/2017 03:43:12 (Std) 	[ImageManager] Created image: 'TaharezLook/EditBoxCaret' (0x101a60500) of type: BasicImage
06/05/2017 03:43:12 (Std) 	[ImageManager] Created image: 'TaharezLook/SpinnerUpNormal' (0x101a606f0) of type: BasicImage
06/05/2017 03:43:12 (Std) 	[ImageManager] Created image: 'TaharezLook/SpinnerDownNormal' (0x101a608e0) of type: BasicImage
06/05/2017 03:43:12 (Std) 	[ImageManager] Created image: 'TaharezLook/SpinnerUpHover' (0x101a60ad0) of type: BasicImage
06/05/2017 03:43:12 (Std) 	[ImageManager] Created image: 'TaharezLook/SpinnerDownHover' (0x101a60cc0) of type: BasicImage
06/05/2017 03:43:12 (Std) 	[ImageManager] Created image: 'TaharezLook/TextSelectionBrush' (0x101a60eb0) of type: BasicImage
06/05/2017 03:43:12 (Std) 	[ImageManager] Created image: 'TaharezLook/VertScrollTop' (0x101a610a0) of type: BasicImage
06/05/2017 03:43:12 (Std) 	[ImageManager] Created image: 'TaharezLook/VertScrollMiddle' (0x101a61290) of type: BasicImage
06/05/2017 03:43:12 (Std) 	[ImageManager] Created image: 'TaharezLook/VertScrollBottom' (0x101a61480) of type: BasicImage
06/05/2017 03:43:12 (Std) 	[ImageManager] Created image: 'TaharezLook/VertScrollBarSegment' (0x101a61670) of type: BasicImage
06/05/2017 03:43:12 (Std) 	[ImageManager] Created image: 'TaharezLook/VertScrollThumbNormal' (0x101a61860) of type: BasicImage
06/05/2017 03:43:12 (Std) 	[ImageManager] Created image: 'TaharezLook/VertScrollThumbHover' (0x101a61a50) of type: BasicImage
06/05/2017 03:43:12 (Std) 	[ImageManager] Created image: 'TaharezLook/VertScrollUpNormal' (0x101a61d60) of type: BasicImage
06/05/2017 03:43:12 (Std) 	[ImageManager] Created image: 'TaharezLook/VertScrollDownNormal' (0x101a61f50) of type: BasicImage
06/05/2017 03:43:12 (Std) 	[ImageManager] Created image: 'TaharezLook/VertScrollUpHover' (0x101a62260) of type: BasicImage
06/05/2017 03:43:12 (Std) 	[ImageManager] Created image: 'TaharezLook/VertScrollDownHover' (0x101a62450) of type: BasicImage
06/05/2017 03:43:12 (Std) 	[ImageManager] Created image: 'TaharezLook/MiniVertScrollBarSegment' (0x101a5cae0) of type: BasicImage
06/05/2017 03:43:12 (Std) 	[ImageManager] Created image: 'TaharezLook/MiniVertScrollThumbNormal' (0x101a62b60) of type: BasicImage
06/05/2017 03:43:12 (Std) 	[ImageManager] Created image: 'TaharezLook/MiniVertScrollThumbTopNormal' (0x101a62e90) of type: BasicImage
06/05/2017 03:43:12 (Std) 	[ImageManager] Created image: 'TaharezLook/MiniVertScrollThumbMiddleNormal' (0x101a63130) of type: BasicImage
06/05/2017 03:43:12 (Std) 	[ImageManager] Created image: 'TaharezLook/MiniVertScrollThumbBottomNormal' (0x101a633d0) of type: BasicImage
06/05/2017 03:43:12 (Std) 	[ImageManager] Created image: 'TaharezLook/MiniVertScrollThumbTopHover' (0x101a638a0) of type: BasicImage
06/05/2017 03:43:12 (Std) 	[ImageManager] Created image: 'TaharezLook/MiniVertScrollThumbMiddleHover' (0x101a5c010) of type: BasicImage
06/05/2017 03:43:12 (Std) 	[ImageManager] Created image: 'TaharezLook/MiniVertScrollThumbBottomHover' (0x101a63ef0) of type: BasicImage
06/05/2017 03:43:12 (Std) 	[ImageManager] Created image: 'TaharezLook/MiniVertScrollThumbHover' (0x101a64310) of type: BasicImage
06/05/2017 03:43:12 (Std) 	[ImageManager] Created image: 'TaharezLook/MiniVertScrollUpNormal' (0x101a645a0) of type: BasicImage
06/05/2017 03:43:12 (Std) 	[ImageManager] Created image: 'TaharezLook/MiniVertScrollDownNormal' (0x101a5bc50) of type: BasicImage
06/05/2017 03:43:12 (Std) 	[ImageManager] Created image: 'TaharezLook/MiniVertScrollUpHover' (0x101a64bc0) of type: BasicImage
06/05/2017 03:43:12 (Std) 	[ImageManager] Created image: 'TaharezLook/MiniVertScrollDownHover' (0x101a64ed0) of type: BasicImage
06/05/2017 03:43:12 (Std) 	[ImageManager] Created image: 'TaharezLook/VertSliderBody' (0x101a65150) of type: BasicImage
06/05/2017 03:43:12 (Std) 	[ImageManager] Created image: 'TaharezLook/VertSliderThumbNormal' (0x101a65340) of type: BasicImage
06/05/2017 03:43:12 (Std) 	[ImageManager] Created image: 'TaharezLook/VertSliderThumbHover' (0x101a65650) of type: BasicImage
06/05/2017 03:43:12 (Std) 	[ImageManager] Created image: 'TaharezLook/MiniHorzScrollBarSegment' (0x101a65ae0) of type: BasicImage
06/05/2017 03:43:12 (Std) 	[ImageManager] Created image: 'TaharezLook/MiniHorzScrollThumbNormal' (0x101a65d70) of type: BasicImage
06/05/2017 03:43:12 (Std) 	[ImageManager] Created image: 'TaharezLook/MiniHorzScrollThumbLeftNormal' (0x101a66220) of type: BasicImage
06/05/2017 03:43:12 (Std) 	[ImageManager] Created image: 'TaharezLook/MiniHorzScrollThumbMiddleNormal' (0x101a66570) of type: BasicImage
06/05/2017 03:43:12 (Std) 	[ImageManager] Created image: 'TaharezLook/MiniHorzScrollThumbRightNormal' (0x101a66810) of type: BasicImage
06/05/2017 03:43:12 (Std) 	[ImageManager] Created image: 'TaharezLook/MiniHorzScrollThumbHover' (0x101a66b60) of type: BasicImage
06/05/2017 03:43:12 (Std) 	[ImageManager] Created image: 'TaharezLook/MiniHorzScrollThumbLeftHover' (0x101a5b960) of type: BasicImage
06/05/2017 03:43:12 (Std) 	[ImageManager] Created image: 'TaharezLook/MiniHorzScrollThumbMiddleHover' (0x101a67250) of type: BasicImage
06/05/2017 03:43:12 (Std) 	[ImageManager] Created image: 'TaharezLook/MiniHorzScrollThumbRightHover' (0x101a674f0) of type: BasicImage
06/05/2017 03:43:12 (Std) 	[ImageManager] Created image: 'TaharezLook/MiniHorzScrollLeftNormal' (0x101a679c0) of type: BasicImage
06/05/2017 03:43:12 (Std) 	[ImageManager] Created image: 'TaharezLook/MiniHorzScrollRightNormal' (0x101a67c50) of type: BasicImage
06/05/2017 03:43:12 (Std) 	[ImageManager] Created image: 'TaharezLook/MiniHorzScrollLeftHover' (0x101a67ee0) of type: BasicImage
06/05/2017 03:43:12 (Std) 	[ImageManager] Created image: 'TaharezLook/MiniHorzScrollRightHover' (0x101a681f0) of type: BasicImage
06/05/2017 03:43:12 (Std) 	[ImageManager] Created image: 'TaharezLook/ListboxLeft' (0x101a68520) of type: BasicImage
06/05/2017 03:43:12 (Std) 	[ImageManager] Created image: 'TaharezLook/ListboxRight' (0x101a68710) of type: BasicImage
06/05/2017 03:43:12 (Std) 	[ImageManager] Created image: 'TaharezLook/ListboxTop' (0x101a68900) of type: BasicImage
06/05/2017 03:43:12 (Std) 	[ImageManager] Created image: 'TaharezLook/ListboxBottom' (0x101a68af0) of type: BasicImage
06/05/2017 03:43:12 (Std) 	[ImageManager] Created image: 'TaharezLook/ListboxTopLeft' (0x101a68ce0) of type: BasicImage
06/05/2017 03:43:12 (Std) 	[ImageManager] Created image: 'TaharezLook/ListboxTopRight' (0x101a68ed0) of type: BasicImage
06/05/2017 03:43:12 (Std) 	[ImageManager] Created image: 'TaharezLook/ListboxBottomLeft' (0x101a690c0) of type: BasicImage
06/05/2017 03:43:12 (Std) 	[ImageManager] Created image: 'TaharezLook/ListboxBottomRight' (0x101a692b0) of type: BasicImage
06/05/2017 03:43:12 (Std) 	[ImageManager] Created image: 'TaharezLook/ListboxBackdrop' (0x101a694a0) of type: BasicImage
06/05/2017 03:43:12 (Std) 	[ImageManager] Created image: 'TaharezLook/ListboxSelectionBrush' (0x101a69690) of type: BasicImage
06/05/2017 03:43:12 (Std) 	[ImageManager] Created image: 'TaharezLook/ComboboxEditLeft' (0x101a69910) of type: BasicImage
06/05/2017 03:43:12 (Std) 	[ImageManager] Created image: 'TaharezLook/ComboboxEditMiddle' (0x101a69b00) of type: BasicImage
06/05/2017 03:43:12 (Std) 	[ImageManager] Created image: 'TaharezLook/ComboboxListButtonNormal' (0x101a69e70) of type: BasicImage
06/05/2017 03:43:12 (Std) 	[ImageManager] Created image: 'TaharezLook/ComboboxListButtonHover' (0x101a6a100) of type: BasicImage
06/05/2017 03:43:12 (Std) 	[ImageManager] Created image: 'TaharezLook/ComboboxListLeft' (0x101a6a410) of type: BasicImage
06/05/2017 03:43:12 (Std) 	[ImageManager] Created image: 'TaharezLook/ComboboxListRight' (0x101a6a600) of type: BasicImage
06/05/2017 03:43:12 (Std) 	[ImageManager] Created image: 'TaharezLook/ComboboxListTop' (0x101a6a7f0) of type: BasicImage
06/05/2017 03:43:12 (Std) 	[ImageManager] Created image: 'TaharezLook/ComboboxListBottom' (0x101a6a9e0) of type: BasicImage
06/05/2017 03:43:12 (Std) 	[ImageManager] Created image: 'TaharezLook/ComboboxListTopLeft' (0x101a6abd0) of type: BasicImage
06/05/2017 03:43:12 (Std) 	[ImageManager] Created image: 'TaharezLook/ComboboxListTopRight' (0x101a6adc0) of type: BasicImage
06/05/2017 03:43:12 (Std) 	[ImageManager] Created image: 'TaharezLook/ComboboxListBottomLeft' (0x101a6b040) of type: BasicImage
06/05/2017 03:43:12 (Std) 	[ImageManager] Created image: 'TaharezLook/ComboboxListBottomRight' (0x101a6b350) of type: BasicImage
06/05/2017 03:43:12 (Std) 	[ImageManager] Created image: 'TaharezLook/ComboboxListBackdrop' (0x101a6b660) of type: BasicImage
06/05/2017 03:43:12 (Std) 	[ImageManager] Created image: 'TaharezLook/ComboboxSelectionBrush' (0x101a6b970) of type: BasicImage
06/05/2017 03:43:12 (Std) 	[ImageManager] Created image: 'TaharezLook/ComboboxDividerLeft' (0x101a6bc80) of type: BasicImage
06/05/2017 03:43:12 (Std) 	[ImageManager] Created image: 'TaharezLook/ComboboxDividerMiddle' (0x101a6be70) of type: BasicImage
06/05/2017 03:43:12 (Std) 	[ImageManager] Created image: 'TaharezLook/ComboboxDividerRight' (0x101a6c180) of type: BasicImage
06/05/2017 03:43:12 (Std) 	[ImageManager] Created image: 'TaharezLook/HeaderBarBackdropNormal' (0x101a6c490) of type: BasicImage
06/05/2017 03:43:12 (Std) 	[ImageManager] Created image: 'TaharezLook/HeaderBarBackdropHover' (0x101a6c7a0) of type: BasicImage
06/05/2017 03:43:12 (Std) 	[ImageManager] Created image: 'TaharezLook/HeaderBarSplitterNormal' (0x101a6cab0) of type: BasicImage
06/05/2017 03:43:12 (Std) 	[ImageManager] Created image: 'TaharezLook/HeaderBarSplitterHover' (0x101a6cdc0) of type: BasicImage
06/05/2017 03:43:12 (Std) 	[ImageManager] Created image: 'TaharezLook/HeaderBarSortUp' (0x101a6d0d0) of type: BasicImage
06/05/2017 03:43:12 (Std) 	[ImageManager] Created image: 'TaharezLook/HeaderBarSortDown' (0x101a6d2c0) of type: BasicImage
06/05/2017 03:43:12 (Std) 	[ImageManager] Created image: 'TaharezLook/MultiListLeft' (0x101a6d4b0) of type: BasicImage
06/05/2017 03:43:12 (Std) 	[ImageManager] Created image: 'TaharezLook/MultiListRight' (0x101a6d6a0) of type: BasicImage
06/05/2017 03:43:12 (Std) 	[ImageManager] Created image: 'TaharezLook/MultiListTop' (0x101a6d890) of type: BasicImage
06/05/2017 03:43:12 (Std) 	[ImageManager] Created image: 'TaharezLook/MultiListBottom' (0x101a6da80) of type: BasicImage
06/05/2017 03:43:12 (Std) 	[ImageManager] Created image: 'TaharezLook/MultiListTopLeft' (0x101a6dc70) of type: BasicImage
06/05/2017 03:43:12 (Std) 	[ImageManager] Created image: 'TaharezLook/MultiListTopRight' (0x101a6de60) of type: BasicImage
06/05/2017 03:43:12 (Std) 	[ImageManager] Created image: 'TaharezLook/MultiListBottomLeft' (0x101a6e050) of type: BasicImage
06/05/2017 03:43:12 (Std) 	[ImageManager] Created image: 'TaharezLook/MultiListBottomRight' (0x101a6e240) of type: BasicImage
06/05/2017 03:43:12 (Std) 	[ImageManager] Created image: 'TaharezLook/MultiListBackdrop' (0x101a6e550) of type: BasicImage
06/05/2017 03:43:12 (Std) 	[ImageManager] Created image: 'TaharezLook/MultiListSelectionBrush' (0x101a6e740) of type: BasicImage
06/05/2017 03:43:12 (Std) 	[ImageManager] Created image: 'TaharezLook/AltProgressLeft' (0x101a6ea50) of type: BasicImage
06/05/2017 03:43:12 (Std) 	[ImageManager] Created image: 'TaharezLook/AltProgressMiddle' (0x101a6ec40) of type: BasicImage
06/05/2017 03:43:12 (Std) 	[ImageManager] Created image: 'TaharezLook/AltProgressRight' (0x101a6ee30) of type: BasicImage
06/05/2017 03:43:12 (Std) 	[ImageManager] Created image: 'TaharezLook/AltProgressQuarter' (0x101a6f020) of type: BasicImage
06/05/2017 03:43:12 (Std) 	[ImageManager] Created image: 'TaharezLook/AltProgressHalf' (0x101a6f210) of type: BasicImage
06/05/2017 03:43:12 (Std) 	[ImageManager] Created image: 'TaharezLook/AltProgressLight1' (0x101a6f400) of type: BasicImage
06/05/2017 03:43:12 (Std) 	[ImageManager] Created image: 'TaharezLook/AltProgressLight2' (0x101a6f5f0) of type: BasicImage
06/05/2017 03:43:12 (Std) 	[ImageManager] Created image: 'TaharezLook/AltProgressLight3' (0x101a6f7e0) of type: BasicImage
06/05/2017 03:43:12 (Std) 	[ImageManager] Created image: 'TaharezLook/AltProgressLight4' (0x101a6f9d0) of type: BasicImage
06/05/2017 03:43:12 (Std) 	[ImageManager] Created image: 'TaharezLook/AltProgressLight5' (0x101a6fbc0) of type: BasicImage
06/05/2017 03:43:12 (Std) 	[ImageManager] Created image: 'TaharezLook/AltProgressLight6' (0x101a6fdb0) of type: BasicImage
06/05/2017 03:43:12 (Std) 	[ImageManager] Created image: 'TaharezLook/AltProgressLight7' (0x101a6ffa0) of type: BasicImage
06/05/2017 03:43:12 (Std) 	[ImageManager] Created image: 'TaharezLook/AltProgressLight8' (0x101a70190) of type: BasicImage
06/05/2017 03:43:12 (Std) 	[ImageManager] Created image: 'TaharezLook/AltProgressLight9' (0x101a70380) of type: BasicImage
06/05/2017 03:43:12 (Std) 	[ImageManager] Created image: 'TaharezLook/AltProgressLight10' (0x101a70570) of type: BasicImage
06/05/2017 03:43:12 (Std) 	[ImageManager] Created image: 'TaharezLook/CloseButtonNormal' (0x101a70760) of type: BasicImage
06/05/2017 03:43:12 (Std) 	[ImageManager] Created image: 'TaharezLook/CloseButtonHover' (0x101a70950) of type: BasicImage
06/05/2017 03:43:12 (Std) 	[ImageManager] Created image: 'TaharezLook/CloseButtonPressed' (0x101a70b40) of type: BasicImage
06/05/2017 03:43:12 (Std) 	[ImageManager] Created image: 'TaharezLook/NewCloseButtonNormal' (0x101a70d30) of type: BasicImage
06/05/2017 03:43:12 (Std) 	[ImageManager] Created image: 'TaharezLook/NewCloseButtonHover' (0x101a71040) of type: BasicImage
06/05/2017 03:43:12 (Std) 	[ImageManager] Created image: 'TaharezLook/NewCloseButtonPressed' (0x101a71230) of type: BasicImage
06/05/2017 03:43:12 (Std) 	[ImageManager] Created image: 'TaharezLook/MultiLineEditboxLeft' (0x101a71540) of type: BasicImage
06/05/2017 03:43:12 (Std) 	[ImageManager] Created image: 'TaharezLook/MultiLineEditboxRight' (0x101a71850) of type: BasicImage
06/05/2017 03:43:12 (Std) 	[ImageManager] Created image: 'TaharezLook/MultiLineEditboxTop' (0x101a71b60) of type: BasicImage
06/05/2017 03:43:12 (Std) 	[ImageManager] Created image: 'TaharezLook/MultiLineEditboxBottom' (0x101a71d50) of type: BasicImage
06/05/2017 03:43:12 (Std) 	[ImageManager] Created image: 'TaharezLook/MultiLineEditboxTopLeft' (0x101a72060) of type: BasicImage
06/05/2017 03:43:12 (Std) 	[ImageManager] Created image: 'TaharezLook/MultiLineEditboxTopRight' (0x101a724f0) of type: BasicImage
06/05/2017 03:43:12 (Std) 	[ImageManager] Created image: 'TaharezLook/MultiLineEditboxBottomLeft' (0x101a72780) of type: BasicImage
06/05/2017 03:43:12 (Std) 	[ImageManager] Created image: 'TaharezLook/MultiLineEditboxBottomRight' (0x101a72ab0) of type: BasicImage
06/05/2017 03:43:12 (Std) 	[ImageManager] Created image: 'TaharezLook/MultiLineEditboxBackdrop' (0x101a72de0) of type: BasicImage
06/05/2017 03:43:12 (Std) 	[ImageManager] Created image: 'TaharezLook/MultiLineEditboxSelectionBrush' (0x101a73290) of type: BasicImage
06/05/2017 03:43:12 (Std) 	[ImageManager] Created image: 'TaharezLook/MouseTarget' (0x101a73be0) of type: BasicImage
06/05/2017 03:43:12 (Std) 	[ImageManager] Created image: 'TaharezLook/MouseArrow' (0x101a5c8c0) of type: BasicImage
06/05/2017 03:43:12 (Std) 	[ImageManager] Created image: 'TaharezLook/MouseMoveCursor' (0x101a73f50) of type: BasicImage
06/05/2017 03:43:12 (Std) 	[ImageManager] Created image: 'TaharezLook/MouseNoSoCursor' (0x101a74140) of type: BasicImage
06/05/2017 03:43:12 (Std) 	[ImageManager] Created image: 'TaharezLook/MouseEsWeCursor' (0x101a74330) of type: BasicImage
06/05/2017 03:43:12 (Std) 	[ImageManager] Created image: 'TaharezLook/MouseNeSwCursor' (0x101a74520) of type: BasicImage
06/05/2017 03:43:12 (Std) 	[ImageManager] Created image: 'TaharezLook/MouseNwSeCursor' (0x101b30970) of type: BasicImage
06/05/2017 03:43:12 (Std) 	[ImageManager] Created image: 'TaharezLook/MouseTextBar' (0x101b31460) of type: BasicImage
06/05/2017 03:43:12 (Std) 	[ImageManager] Created image: 'TaharezLook/TabHorizontalFiller' (0x101b30e60) of type: BasicImage
06/05/2017 03:43:12 (Std) 	[ImageManager] Created image: 'TaharezLook/TabContentPaneUpperLeft' (0x101b31050) of type: BasicImage
06/05/2017 03:43:12 (Std) 	[ImageManager] Created image: 'TaharezLook/TabContentPaneUpper' (0x101b307e0) of type: BasicImage
06/05/2017 03:43:12 (Std) 	[ImageManager] Created image: 'TaharezLook/TabContentPaneUpperRight' (0x101b31900) of type: BasicImage
06/05/2017 03:43:12 (Std) 	[ImageManager] Created image: 'TaharezLook/TabContentPaneLeft' (0x101b31c30) of type: BasicImage
06/05/2017 03:43:12 (Std) 	[ImageManager] Created image: 'TaharezLook/TabContentPaneRight' (0x101b31e20) of type: BasicImage
06/05/2017 03:43:12 (Std) 	[ImageManager] Created image: 'TaharezLook/TabContentPaneLower' (0x101b32010) of type: BasicImage
06/05/2017 03:43:12 (Std) 	[ImageManager] Created image: 'TaharezLook/TabContentPaneLowerLeft' (0x101b32200) of type: BasicImage
06/05/2017 03:43:12 (Std) 	[ImageManager] Created image: 'TaharezLook/TabContentPaneLowerRight' (0x101b32570) of type: BasicImage
06/05/2017 03:43:12 (Std) 	[ImageManager] Created image: 'TaharezLook/TabContentPaneMiddle' (0x101b328a0) of type: BasicImage
06/05/2017 03:43:12 (Std) 	[ImageManager] Created image: 'TaharezLook/TabButtonScrollLeftNormal' (0x101b32ca0) of type: BasicImage
06/05/2017 03:43:12 (Std) 	[ImageManager] Created image: 'TaharezLook/TabButtonScrollRightNormal' (0x101b32f30) of type: BasicImage
06/05/2017 03:43:12 (Std) 	[ImageManager] Created image: 'TaharezLook/TabButtonScrollLeftHover' (0x101b33260) of type: BasicImage
06/05/2017 03:43:12 (Std) 	[ImageManager] Created image: 'TaharezLook/TabButtonScrollRightHover' (0x101b33590) of type: BasicImage
06/05/2017 03:43:12 (Std) 	[ImageManager] Created image: 'TaharezLook/TabButtonLeftNormal' (0x101b338c0) of type: BasicImage
06/05/2017 03:43:12 (Std) 	[ImageManager] Created image: 'TaharezLook/TabButtonRightNormal' (0x101b33ab0) of type: BasicImage
06/05/2017 03:43:12 (Std) 	[ImageManager] Created image: 'TaharezLook/TabButtonUpperNormal' (0x101b33ca0) of type: BasicImage
06/05/2017 03:43:12 (Std) 	[ImageManager] Created image: 'TaharezLook/TabButtonLowerNormal' (0x101b33fb0) of type: BasicImage
06/05/2017 03:43:12 (Std) 	[ImageManager] Created image: 'TaharezLook/TabButtonUpperLeftNormal' (0x101b34440) of type: BasicImage
06/05/2017 03:43:12 (Std) 	[ImageManager] Created image: 'TaharezLook/TabButtonUpperLeft2Normal' (0x101b34770) of type: BasicImage
06/05/2017 03:43:12 (Std) 	[ImageManager] Created image: 'TaharezLook/TabButtonUpperRightNormal' (0x101b34aa0) of type: BasicImage
06/05/2017 03:43:12 (Std) 	[ImageManager] Created image: 'TaharezLook/TabButtonLowerLeftNormal' (0x101b34dd0) of type: BasicImage
06/05/2017 03:43:12 (Std) 	[ImageManager] Created image: 'TaharezLook/TabButtonLowerRightNormal' (0x101b35100) of type: BasicImage
06/05/2017 03:43:12 (Std) 	[ImageManager] Created image: 'TaharezLook/TabButtonLowerRight2Normal' (0x101b35430) of type: BasicImage
06/05/2017 03:43:12 (Std) 	[ImageManager] Created image: 'TaharezLook/TabButtonMiddleNormal' (0x101b31610) of type: BasicImage
06/05/2017 03:43:12 (Std) 	[ImageManager] Created image: 'TaharezLook/TabButtonLeftSelected' (0x101a63720) of type: BasicImage
06/05/2017 03:43:12 (Std) 	[ImageManager] Created image: 'TaharezLook/TabButtonRightSelected' (0x101c62980) of type: BasicImage
06/05/2017 03:43:12 (Std) 	[ImageManager] Created image: 'TaharezLook/TabButtonUpperSelected' (0x101c62c90) of type: BasicImage
06/05/2017 03:43:12 (Std) 	[ImageManager] Created image: 'TaharezLook/TabButtonLowerSelected' (0x101c62f10) of type: BasicImage
06/05/2017 03:43:12 (Std) 	[ImageManager] Created image: 'TaharezLook/TabButtonUpperLeftSelected' (0x101c633a0) of type: BasicImage
06/05/2017 03:43:12 (Std) 	[ImageManager] Created image: 'TaharezLook/TabButtonUpperRightSelected' (0x101c63630) of type: BasicImage
06/05/2017 03:43:12 (Std) 	[ImageManager] Created image: 'TaharezLook/TabButtonLowerLeftSelected' (0x101c63960) of type: BasicImage
06/05/2017 03:43:12 (Std) 	[ImageManager] Created image: 'TaharezLook/TabButtonLowerRightSelected' (0x101c63c90) of type: BasicImage
06/05/2017 03:43:12 (Std) 	[ImageManager] Created image: 'TaharezLook/TabButtonMiddleSelected' (0x101c63fc0) of type: BasicImage
06/05/2017 03:43:12 (Std) 	[ImageManager] Created image: 'TaharezLook/TooltipTopLeft' (0x101c642d0) of type: BasicImage
06/05/2017 03:43:12 (Std) 	[ImageManager] Created image: 'TaharezLook/TooltipTopRight' (0x101c626e0) of type: BasicImage
06/05/2017 03:43:12 (Std) 	[ImageManager] Created image: 'TaharezLook/TooltipBottomLeft' (0x101c645a0) of type: BasicImage
06/05/2017 03:43:12 (Std) 	[ImageManager] Created image: 'TaharezLook/TooltipBottomRight' (0x101c64790) of type: BasicImage
06/05/2017 03:43:12 (Std) 	[ImageManager] Created image: 'TaharezLook/TooltipLeftEdge' (0x101c64980) of type: BasicImage
06/05/2017 03:43:12 (Std) 	[ImageManager] Created image: 'TaharezLook/TooltipRightEdge' (0x101c64b70) of type: BasicImage
06/05/2017 03:43:12 (Std) 	[ImageManager] Created image: 'TaharezLook/TooltipTopEdge' (0x101c64d60) of type: BasicImage
06/05/2017 03:43:12 (Std) 	[ImageManager] Created image: 'TaharezLook/TooltipBottomEdge' (0x101c64f50) of type: BasicImage
06/05/2017 03:43:12 (Std) 	[ImageManager] Created image: 'TaharezLook/TooltipMiddle' (0x101c65140) of type: BasicImage
06/05/2017 03:43:12 (Std) 	[ImageManager] Created image: 'TaharezLook/MenuTopLeft' (0x101c65330) of type: BasicImage
06/05/2017 03:43:12 (Std) 	[ImageManager] Created image: 'TaharezLook/MenuTopRight' (0x101c65520) of type: BasicImage
06/05/2017 03:43:12 (Std) 	[ImageManager] Created image: 'TaharezLook/MenuBottomLeft' (0x101c65710) of type: BasicImage
06/05/2017 03:43:12 (Std) 	[ImageManager] Created image: 'TaharezLook/MenuBottomRight' (0x101c65900) of type: BasicImage
06/05/2017 03:43:12 (Std) 	[ImageManager] Created image: 'TaharezLook/MenuLeft' (0x101c65af0) of type: BasicImage
06/05/2017 03:43:12 (Std) 	[ImageManager] Created image: 'TaharezLook/MenuRight' (0x101c65ce0) of type: BasicImage
06/05/2017 03:43:12 (Std) 	[ImageManager] Created image: 'TaharezLook/MenuTop' (0x101c65ed0) of type: BasicImage
06/05/2017 03:43:12 (Std) 	[ImageManager] Created image: 'TaharezLook/MenuBottom' (0x101c660c0) of type: BasicImage
06/05/2017 03:43:12 (Std) 	[ImageManager] Created image: 'TaharezLook/MenuMiddle' (0x101c662b0) of type: BasicImage
06/05/2017 03:43:12 (Std) 	[ImageManager] Created image: 'TaharezLook/PopupMenuFrameTopLeft' (0x101c66620) of type: BasicImage
06/05/2017 03:43:12 (Std) 	[ImageManager] Created image: 'TaharezLook/PopupMenuFrameTopRight' (0x101c668a0) of type: BasicImage
06/05/2017 03:43:12 (Std) 	[ImageManager] Created image: 'TaharezLook/PopupMenuFrameBottomLeft' (0x101c66d30) of type: BasicImage
06/05/2017 03:43:12 (Std) 	[ImageManager] Created image: 'TaharezLook/PopupMenuFrameBottomRight' (0x101c66fc0) of type: BasicImage
06/05/2017 03:43:12 (Std) 	[ImageManager] Created image: 'TaharezLook/PopupMenuFrameLeft' (0x101c67250) of type: BasicImage
06/05/2017 03:43:12 (Std) 	[ImageManager] Created image: 'TaharezLook/PopupMenuFrameRight' (0x101c67440) of type: BasicImage
06/05/2017 03:43:12 (Std) 	[ImageManager] Created image: 'TaharezLook/PopupMenuFrameTop' (0x101c67630) of type: BasicImage
06/05/2017 03:43:12 (Std) 	[ImageManager] Created image: 'TaharezLook/PopupMenuFrameBottom' (0x101c67820) of type: BasicImage
06/05/2017 03:43:12 (Std) 	[ImageManager] Created image: 'TaharezLook/PopupMenuMiddle' (0x101c67b30) of type: BasicImage
06/05/2017 03:43:12 (Std) 	[ImageManager] Created image: 'TaharezLook/PopupMenuArrowRight' (0x101c67d20) of type: BasicImage
06/05/2017 03:43:12 (Std) 	[ImageManager] Created image: 'TaharezLook/PopupMenuArrowLeft' (0x101c67f10) of type: BasicImage
06/05/2017 03:43:12 (Std) 	[ImageManager] Created image: 'TaharezLook/TreeListClosed' (0x101c68100) of type: BasicImage
06/05/2017 03:43:12 (Std) 	[ImageManager] Created image: 'TaharezLook/TreeListOpened' (0x101c682f0) of type: BasicImage
06/05/2017 03:43:12 (Std) 	[ImageManager] Created image: 'TaharezLook/UpArrow' (0x101c684e0) of type: BasicImage
06/05/2017 03:43:12 (Std) 	===== Falagard 'root' element: look and feel parsing begins =====
06/05/2017 03:43:12 (Std) 	===== Look and feel parsing completed =====
06/05/2017 03:43:12 (Std) 	No window renderer factories specified for module 'CEGUICoreWindowRendererSet' - adding all available factories...
06/05/2017 03:43:12 (Std) 	Created WindowRendererFactory for 'Core/Button' WindowRenderers.
06/05/2017 03:43:12 (Std) 	WindowRendererFactory 'Core/Button' added. (0x101b3f450)
06/05/2017 03:43:12 (Std) 	Created WindowRendererFactory for 'Core/Default' WindowRenderers.
06/05/2017 03:43:12 (Std) 	WindowRendererFactory 'Core/Default' added. (0x101c1d6d0)
06/05/2017 03:43:12 (Std) 	Created WindowRendererFactory for 'Core/Editbox' WindowRenderers.
06/05/2017 03:43:12 (Std) 	WindowRendererFactory 'Core/Editbox' added. (0x101ccc9e0)
06/05/2017 03:43:12 (Std) 	Created WindowRendererFactory for 'Core/FrameWindow' WindowRenderers.
06/05/2017 03:43:12 (Std) 	WindowRendererFactory 'Core/FrameWindow' added. (0x101c60950)
06/05/2017 03:43:12 (Std) 	Created WindowRendererFactory for 'Core/ItemEntry' WindowRenderers.
06/05/2017 03:43:12 (Std) 	WindowRendererFactory 'Core/ItemEntry' added. (0x101cd2b90)
06/05/2017 03:43:12 (Std) 	Created WindowRendererFactory for 'Core/ListHeader' WindowRenderers.
06/05/2017 03:43:12 (Std) 	WindowRendererFactory 'Core/ListHeader' added. (0x101c63220)
06/05/2017 03:43:12 (Std) 	Created WindowRendererFactory for 'Core/ListHeaderSegment' WindowRenderers.
06/05/2017 03:43:12 (Std) 	WindowRendererFactory 'Core/ListHeaderSegment' added. (0x101cd1710)
06/05/2017 03:43:12 (Std) 	Created WindowRendererFactory for 'Core/Listbox' WindowRenderers.
06/05/2017 03:43:12 (Std) 	WindowRendererFactory 'Core/Listbox' added. (0x101ccbc80)
06/05/2017 03:43:12 (Std) 	Created WindowRendererFactory for 'Core/Menubar' WindowRenderers.
06/05/2017 03:43:12 (Std) 	WindowRendererFactory 'Core/Menubar' added. (0x101c618f0)
06/05/2017 03:43:12 (Std) 	Created WindowRendererFactory for 'Core/MenuItem' WindowRenderers.
06/05/2017 03:43:12 (Std) 	WindowRendererFactory 'Core/MenuItem' added. (0x101ccdb50)
06/05/2017 03:43:12 (Std) 	Created WindowRendererFactory for 'Core/MultiColumnList' WindowRenderers.
06/05/2017 03:43:12 (Std) 	WindowRendererFactory 'Core/MultiColumnList' added. (0x101ccdcf0)
06/05/2017 03:43:12 (Std) 	Created WindowRendererFactory for 'Core/MultiLineEditbox' WindowRenderers.
06/05/2017 03:43:12 (Std) 	WindowRendererFactory 'Core/MultiLineEditbox' added. (0x101cd4740)
06/05/2017 03:43:12 (Std) 	Created WindowRendererFactory for 'Core/PopupMenu' WindowRenderers.
06/05/2017 03:43:12 (Std) 	WindowRendererFactory 'Core/PopupMenu' added. (0x101cd49d0)
06/05/2017 03:43:12 (Std) 	Created WindowRendererFactory for 'Core/ProgressBar' WindowRenderers.
06/05/2017 03:43:12 (Std) 	WindowRendererFactory 'Core/ProgressBar' added. (0x101cd4800)
06/05/2017 03:43:12 (Std) 	Created WindowRendererFactory for 'Core/ScrollablePane' WindowRenderers.
06/05/2017 03:43:12 (Std) 	WindowRendererFactory 'Core/ScrollablePane' added. (0x101cd4b70)
06/05/2017 03:43:12 (Std) 	Created WindowRendererFactory for 'Core/Scrollbar' WindowRenderers.
06/05/2017 03:43:12 (Std) 	WindowRendererFactory 'Core/Scrollbar' added. (0x101cd4e00)
06/05/2017 03:43:12 (Std) 	Created WindowRendererFactory for 'Core/Slider' WindowRenderers.
06/05/2017 03:43:12 (Std) 	WindowRendererFactory 'Core/Slider' added. (0x101cd4ec0)
06/05/2017 03:43:12 (Std) 	Created WindowRendererFactory for 'Core/Static' WindowRenderers.
06/05/2017 03:43:12 (Std) 	WindowRendererFactory 'Core/Static' added. (0x101cd5070)
06/05/2017 03:43:12 (Std) 	Created WindowRendererFactory for 'Core/StaticImage' WindowRenderers.
06/05/2017 03:43:12 (Std) 	WindowRendererFactory 'Core/StaticImage' added. (0x101cd5310)
06/05/2017 03:43:12 (Std) 	Created WindowRendererFactory for 'Core/StaticText' WindowRenderers.
06/05/2017 03:43:12 (Std) 	WindowRendererFactory 'Core/StaticText' added. (0x101cd0ca0)
06/05/2017 03:43:12 (Std) 	Created WindowRendererFactory for 'Core/TabButton' WindowRenderers.
06/05/2017 03:43:12 (Std) 	WindowRendererFactory 'Core/TabButton' added. (0x101cd0e50)
06/05/2017 03:43:12 (Std) 	Created WindowRendererFactory for 'Core/TabControl' WindowRenderers.
06/05/2017 03:43:12 (Std) 	WindowRendererFactory 'Core/TabControl' added. (0x101cd1000)
06/05/2017 03:43:12 (Std) 	Created WindowRendererFactory for 'Core/Titlebar' WindowRenderers.
06/05/2017 03:43:12 (Std) 	WindowRendererFactory 'Core/Titlebar' added. (0x101cd1360)
06/05/2017 03:43:12 (Std) 	Created WindowRendererFactory for 'Core/ToggleButton' WindowRenderers.
06/05/2017 03:43:12 (Std) 	WindowRendererFactory 'Core/ToggleButton' added. (0x101cd11b0)
06/05/2017 03:43:12 (Std) 	Created WindowRendererFactory for 'Core/Tooltip' WindowRenderers.
06/05/2017 03:43:12 (Std) 	WindowRendererFactory 'Core/Tooltip' added. (0x101cd4060)
06/05/2017 03:43:12 (Std) 	Created WindowRendererFactory for 'Core/ItemListbox' WindowRenderers.
06/05/2017 03:43:12 (Std) 	WindowRendererFactory 'Core/ItemListbox' added. (0x101cd4120)
06/05/2017 03:43:12 (Std) 	Created WindowRendererFactory for 'Core/Tree' WindowRenderers.
06/05/2017 03:43:12 (Std) 	WindowRendererFactory 'Core/Tree' added. (0x101cd42c0)
06/05/2017 03:43:12 (Std) 	Creating falagard mapping for type 'TaharezLook/Label' using base type 'DefaultWindow', window renderer 'Core/Default' Look'N'Feel 'TaharezLook/Label' and RenderEffect ''. (0x7fff5fbfc7a0)
06/05/2017 03:43:12 (Std) 	Creating falagard mapping for type 'TaharezLook/Button' using base type 'CEGUI/PushButton', window renderer 'Core/Button' Look'N'Feel 'TaharezLook/Button' and RenderEffect ''. (0x7fff5fbfc7a0)
06/05/2017 03:43:12 (Std) 	Creating falagard mapping for type 'TaharezLook/Checkbox' using base type 'CEGUI/ToggleButton', window renderer 'Core/ToggleButton' Look'N'Feel 'TaharezLook/Checkbox' and RenderEffect ''. (0x7fff5fbfc7a0)
06/05/2017 03:43:12 (Std) 	Creating falagard mapping for type 'TaharezLook/ImageButton' using base type 'CEGUI/PushButton', window renderer 'Core/Button' Look'N'Feel 'TaharezLook/ImageButton' and RenderEffect ''. (0x7fff5fbfc7a0)
06/05/2017 03:43:12 (Std) 	Creating falagard mapping for type 'TaharezLook/RadioButton' using base type 'CEGUI/RadioButton', window renderer 'Core/ToggleButton' Look'N'Feel 'TaharezLook/RadioButton' and RenderEffect ''. (0x7fff5fbfc7a0)
06/05/2017 03:43:12 (Std) 	Creating falagard mapping for type 'TaharezLook/FrameWindow' using base type 'CEGUI/FrameWindow', window renderer 'Core/FrameWindow' Look'N'Feel 'TaharezLook/FrameWindow' and RenderEffect ''. (0x7fff5fbfc7a0)
06/05/2017 03:43:12 (Std) 	Creating falagard mapping for type 'TaharezLook/Titlebar' using base type 'CEGUI/Titlebar', window renderer 'Core/Titlebar' Look'N'Feel 'TaharezLook/Titlebar' and RenderEffect ''. (0x7fff5fbfc7a0)
06/05/2017 03:43:12 (Std) 	Creating falagard mapping for type 'TaharezLook/Editbox' using base type 'CEGUI/Editbox', window renderer 'Core/Editbox' Look'N'Feel 'TaharezLook/Editbox' and RenderEffect ''. (0x7fff5fbfc7a0)
06/05/2017 03:43:12 (Std) 	Creating falagard mapping for type 'TaharezLook/MultiLineEditbox' using base type 'CEGUI/MultiLineEditbox', window renderer 'Core/MultiLineEditbox' Look'N'Feel 'TaharezLook/MultiLineEditbox' and RenderEffect ''. (0x7fff5fbfc7a0)
06/05/2017 03:43:12 (Std) 	Creating falagard mapping for type 'TaharezLook/Menubar' using base type 'CEGUI/Menubar', window renderer 'Core/Menubar' Look'N'Feel 'TaharezLook/Menubar' and RenderEffect ''. (0x7fff5fbfc7a0)
06/05/2017 03:43:12 (Std) 	Creating falagard mapping for type 'TaharezLook/PopupMenu' using base type 'CEGUI/PopupMenu', window renderer 'Core/PopupMenu' Look'N'Feel 'TaharezLook/PopupMenu' and RenderEffect ''. (0x7fff5fbfc7a0)
06/05/2017 03:43:12 (Std) 	Creating falagard mapping for type 'TaharezLook/MenuItem' using base type 'CEGUI/MenuItem', window renderer 'Core/MenuItem' Look'N'Feel 'TaharezLook/MenuItem' and RenderEffect ''. (0x7fff5fbfc7a0)
06/05/2017 03:43:12 (Std) 	Creating falagard mapping for type 'TaharezLook/AlternateProgressBar' using base type 'CEGUI/ProgressBar', window renderer 'Core/ProgressBar' Look'N'Feel 'TaharezLook/AltProgressBar' and RenderEffect ''. (0x7fff5fbfc7a0)
06/05/2017 03:43:12 (Std) 	Creating falagard mapping for type 'TaharezLook/ProgressBar' using base type 'CEGUI/ProgressBar', window renderer 'Core/ProgressBar' Look'N'Feel 'TaharezLook/ProgressBar' and RenderEffect ''. (0x7fff5fbfc7a0)
06/05/2017 03:43:12 (Std) 	Creating falagard mapping for type 'TaharezLook/VUMeter' using base type 'CEGUI/ProgressBar', window renderer 'Core/ProgressBar' Look'N'Feel 'TaharezLook/VUMeter' and RenderEffect ''. (0x7fff5fbfc7a0)
06/05/2017 03:43:12 (Std) 	Creating falagard mapping for type 'TaharezLook/VerticalScrollbar' using base type 'CEGUI/Scrollbar', window renderer 'Core/Scrollbar' Look'N'Feel 'TaharezLook/VerticalScrollbar' and RenderEffect ''. (0x7fff5fbfc7a0)
06/05/2017 03:43:12 (Std) 	Creating falagard mapping for type 'TaharezLook/HorizontalScrollbar' using base type 'CEGUI/Scrollbar', window renderer 'Core/Scrollbar' Look'N'Feel 'TaharezLook/HorizontalScrollbar' and RenderEffect ''. (0x7fff5fbfc7a0)
06/05/2017 03:43:12 (Std) 	Creating falagard mapping for type 'TaharezLook/VerticalScrollbarThumb' using base type 'CEGUI/Thumb', window renderer 'Core/Button' Look'N'Feel 'TaharezLook/VerticalScrollbarThumb' and RenderEffect ''. (0x7fff5fbfc7a0)
06/05/2017 03:43:12 (Std) 	Creating falagard mapping for type 'TaharezLook/HorizontalScrollbarThumb' using base type 'CEGUI/Thumb', window renderer 'Core/Button' Look'N'Feel 'TaharezLook/HorizontalScrollbarThumb' and RenderEffect ''. (0x7fff5fbfc7a0)
06/05/2017 03:43:12 (Std) 	Creating falagard mapping for type 'TaharezLook/LargeVerticalScrollbar' using base type 'CEGUI/Scrollbar', window renderer 'Core/Scrollbar' Look'N'Feel 'TaharezLook/LargeVerticalScrollbar' and RenderEffect ''. (0x7fff5fbfc7a0)
06/05/2017 03:43:12 (Std) 	Creating falagard mapping for type 'TaharezLook/LargeVerticalScrollbarThumb' using base type 'CEGUI/Thumb', window renderer 'Core/Button' Look'N'Feel 'TaharezLook/LargeVerticalScrollbarThumb' and RenderEffect ''. (0x7fff5fbfc7a0)
06/05/2017 03:43:12 (Std) 	Creating falagard mapping for type 'TaharezLook/TabButton' using base type 'CEGUI/TabButton', window renderer 'Core/TabButton' Look'N'Feel 'TaharezLook/TabButton' and RenderEffect ''. (0x7fff5fbfc7a0)
06/05/2017 03:43:12 (Std) 	Creating falagard mapping for type 'TaharezLook/TabControl' using base type 'CEGUI/TabControl', window renderer 'Core/TabControl' Look'N'Feel 'TaharezLook/TabControl' and RenderEffect ''. (0x7fff5fbfc7a0)
06/05/2017 03:43:12 (Std) 	Creating falagard mapping for type 'TaharezLook/TabContentPane' using base type 'DefaultWindow', window renderer 'Core/Default' Look'N'Feel 'TaharezLook/TabContentPane' and RenderEffect ''. (0x7fff5fbfc7a0)
06/05/2017 03:43:12 (Std) 	Creating falagard mapping for type 'TaharezLook/TabButtonPane' using base type 'DefaultWindow', window renderer 'Core/Default' Look'N'Feel 'TaharezLook/TabButtonPane' and RenderEffect ''. (0x7fff5fbfc7a0)
06/05/2017 03:43:12 (Std) 	Creating falagard mapping for type 'TaharezLook/ComboDropList' using base type 'CEGUI/ComboDropList', window renderer 'Core/Listbox' Look'N'Feel 'TaharezLook/ComboDropList' and RenderEffect ''. (0x7fff5fbfc7a0)
06/05/2017 03:43:12 (Std) 	Creating falagard mapping for type 'TaharezLook/ComboEditbox' using base type 'CEGUI/Editbox', window renderer 'Core/Editbox' Look'N'Feel 'TaharezLook/ComboEditbox' and RenderEffect ''. (0x7fff5fbfc7a0)
06/05/2017 03:43:12 (Std) 	Creating falagard mapping for type 'TaharezLook/Combobox' using base type 'CEGUI/Combobox', window renderer 'Core/Default' Look'N'Feel 'TaharezLook/Combobox' and RenderEffect ''. (0x7fff5fbfc7a0)
06/05/2017 03:43:12 (Std) 	Creating falagard mapping for type 'TaharezLook/Listbox' using base type 'CEGUI/Listbox', window renderer 'Core/Listbox' Look'N'Feel 'TaharezLook/Listbox' and RenderEffect ''. (0x7fff5fbfc7a0)
06/05/2017 03:43:12 (Std) 	Creating falagard mapping for type 'TaharezLook/ListHeader' using base type 'CEGUI/ListHeader', window renderer 'Core/ListHeader' Look'N'Feel 'TaharezLook/ListHeader' and RenderEffect ''. (0x7fff5fbfc7a0)
06/05/2017 03:43:12 (Std) 	Creating falagard mapping for type 'TaharezLook/ListHeaderSegment' using base type 'CEGUI/ListHeaderSegment', window renderer 'Core/ListHeaderSegment' Look'N'Feel 'TaharezLook/ListHeaderSegment' and RenderEffect ''. (0x7fff5fbfc7a0)
06/05/2017 03:43:12 (Std) 	Creating falagard mapping for type 'TaharezLook/MultiColumnList' using base type 'CEGUI/MultiColumnList', window renderer 'Core/MultiColumnList' Look'N'Feel 'TaharezLook/MultiColumnList' and RenderEffect ''. (0x7fff5fbfc7a0)
06/05/2017 03:43:12 (Std) 	Creating falagard mapping for type 'TaharezLook/Slider' using base type 'CEGUI/Slider', window renderer 'Core/Slider' Look'N'Feel 'TaharezLook/Slider' and RenderEffect ''. (0x7fff5fbfc7a0)
06/05/2017 03:43:12 (Std) 	Creating falagard mapping for type 'TaharezLook/SliderThumb' using base type 'CEGUI/Thumb', window renderer 'Core/Button' Look'N'Feel 'TaharezLook/SliderThumb' and RenderEffect ''. (0x7fff5fbfc7a0)
06/05/2017 03:43:12 (Std) 	Creating falagard mapping for type 'TaharezLook/ScrollablePane' using base type 'CEGUI/ScrollablePane', window renderer 'Core/ScrollablePane' Look'N'Feel 'TaharezLook/ScrollablePane' and RenderEffect ''. (0x7fff5fbfc7a0)
06/05/2017 03:43:12 (Std) 	Creating falagard mapping for type 'TaharezLook/Spinner' using base type 'CEGUI/Spinner', window renderer 'Core/Default' Look'N'Feel 'TaharezLook/Spinner' and RenderEffect ''. (0x7fff5fbfc7a0)
06/05/2017 03:43:12 (Std) 	Creating falagard mapping for type 'TaharezLook/Tooltip' using base type 'CEGUI/Tooltip', window renderer 'Core/Tooltip' Look'N'Feel 'TaharezLook/Tooltip' and RenderEffect ''. (0x7fff5fbfc7a0)
06/05/2017 03:43:12 (Std) 	Creating falagard mapping for type 'TaharezLook/StaticImage' using base type 'DefaultWindow', window renderer 'Core/StaticImage' Look'N'Feel 'TaharezLook/StaticImage' and RenderEffect ''. (0x7fff5fbfc7a0)
06/05/2017 03:43:12 (Std) 	Creating falagard mapping for type 'TaharezLook/StaticText' using base type 'DefaultWindow', window renderer 'Core/StaticText' Look'N'Feel 'TaharezLook/StaticText' and RenderEffect ''. (0x7fff5fbfc7a0)
06/05/2017 03:43:12 (Std) 	Creating falagard mapping for type 'TaharezLook/ItemListbox' using base type 'CEGUI/ItemListbox', window renderer 'Core/ItemListbox' Look'N'Feel 'TaharezLook/ItemListbox' and RenderEffect ''. (0x7fff5fbfc7a0)
06/05/2017 03:43:12 (Std) 	Creating falagard mapping for type 'TaharezLook/ListboxItem' using base type 'CEGUI/ItemEntry', window renderer 'Core/ItemEntry' Look'N'Feel 'TaharezLook/ListboxItem' and RenderEffect ''. (0x7fff5fbfc7a0)
06/05/2017 03:43:12 (Std) 	Creating falagard mapping for type 'TaharezLook/GroupBox' using base type 'DefaultWindow', window renderer 'Core/Default' Look'N'Feel 'TaharezLook/GroupBox' and RenderEffect ''. (0x7fff5fbfc7a0)
06/05/2017 03:43:12 (Std) 	Creating falagard mapping for type 'TaharezLook/Tree' using base type 'CEGUI/Tree', window renderer 'Core/Tree' Look'N'Feel 'TaharezLook/Tree' and RenderEffect ''. (0x7fff5fbfc7a0)
06/05/2017 03:43:12 (Std) 	[OpenGLRenderer] Created texture: DejaVuSans-10_auto_glyph_images_32
06/05/2017 03:43:16 (Std) 	Started creation of Scheme from XML specification:
06/05/2017 03:43:16 (Std) 	---- CEGUI GUIScheme name: TaharezLook
06/05/2017 03:43:16 (Std) 	---- Returning existing instance of Scheme named 'TaharezLook'.
06/05/2017 03:43:16 (Std) 	---- Returning existing instance of Font named 'DejaVuSans-10'.
